# JRE version: OpenJDK Runtime Environment (8.0_152) (build 1.8.0_152-release-1343-b16-5323222)
# Java VM: OpenJDK 64-Bit Server VM (25.152-b16-5323222 mixed mode linux-amd64 compressed oops)
Heap:
 PSYoungGen      total 772608K, used 0K [0x000000077f800000, 0x00000007bea00000, 0x00000007c0000000)
  eden space 508416K, 0% used [0x000000077f800000,0x000000077f800000,0x000000079e880000)
  from space 264192K, 0% used [0x00000007ae600000,0x00000007ae600000,0x00000007be800000)
  to   space 259584K, 0% used [0x000000079e880000,0x000000079e880000,0x00000007ae600000)
 ParOldGen       total 336896K, used 238492K [0x00000006fe800000, 0x0000000713100000, 0x000000077f800000)
  object space 336896K, 70% used [0x00000006fe800000,0x000000070d0e73d0,0x0000000713100000)
 Metaspace       used 142310K, capacity 147476K, committed 147624K, reserved 1179648K
  class space    used 17046K, capacity 18081K, committed 18088K, reserved 1048576K
GC Heap History (10 events):
Event: 2236,695 GC heap after
Heap after GC invocations=41 (full 8):
 PSYoungGen      total 730112K, used 0K [0x000000077f800000, 0x00000007be500000, 0x00000007c0000000)
  eden space 448512K, 0% used [0x000000077f800000,0x000000077f800000,0x000000079ae00000)
  from space 281600K, 0% used [0x00000007ad200000,0x00000007ad200000,0x00000007be500000)
  to   space 290304K, 0% used [0x000000079ae00000,0x000000079ae00000,0x00000007ac980000)
 ParOldGen       total 336896K, used 77088K [0x00000006fe800000, 0x0000000713100000, 0x000000077f800000)
  object space 336896K, 22% used [0x00000006fe800000,0x00000007033482c0,0x0000000713100000)
 Metaspace       used 126768K, capacity 131224K, committed 131496K, reserved 1165312K
  class space    used 15115K, capacity 16033K, committed 16040K, reserved 1048576K
}
Event: 2244,201 GC heap before
{Heap before GC invocations=42 (full 8):
 PSYoungGen      total 730112K, used 448512K [0x000000077f800000, 0x00000007be500000, 0x00000007c0000000)
  eden space 448512K, 100% used [0x000000077f800000,0x000000079ae00000,0x000000079ae00000)
  from space 281600K, 0% used [0x00000007ad200000,0x00000007ad200000,0x00000007be500000)
  to   space 290304K, 0% used [0x000000079ae00000,0x000000079ae00000,0x00000007ac980000)
 ParOldGen       total 336896K, used 77088K [0x00000006fe800000, 0x0000000713100000, 0x000000077f800000)
  object space 336896K, 22% used [0x00000006fe800000,0x00000007033482c0,0x0000000713100000)
 Metaspace       used 130865K, capacity 135494K, committed 135720K, reserved 1169408K
  class space    used 15646K, capacity 16588K, committed 16680K, reserved 1048576K
Event: 2244,586 GC heap after
Heap after GC invocations=42 (full 8):
 PSYoungGen      total 738816K, used 121227K [0x000000077f800000, 0x00000007bf580000, 0x00000007c0000000)
  eden space 448512K, 0% used [0x000000077f800000,0x000000077f800000,0x000000079ae00000)
  from space 290304K, 41% used [0x000000079ae00000,0x00000007a2462e48,0x00000007ac980000)
  to   space 280576K, 0% used [0x00000007ae380000,0x00000007ae380000,0x00000007bf580000)
 ParOldGen       total 336896K, used 77088K [0x00000006fe800000, 0x0000000713100000, 0x000000077f800000)
  object space 336896K, 22% used [0x00000006fe800000,0x00000007033482c0,0x0000000713100000)
 Metaspace       used 130865K, capacity 135494K, committed 135720K, reserved 1169408K
  class space    used 15646K, capacity 16588K, committed 16680K, reserved 1048576K
}
Event: 2250,311 GC heap before
{Heap before GC invocations=43 (full 8):
 PSYoungGen      total 738816K, used 569739K [0x000000077f800000, 0x00000007bf580000, 0x00000007c0000000)
  eden space 448512K, 100% used [0x000000077f800000,0x000000079ae00000,0x000000079ae00000)
  from space 290304K, 41% used [0x000000079ae00000,0x00000007a2462e48,0x00000007ac980000)
  to   space 280576K, 0% used [0x00000007ae380000,0x00000007ae380000,0x00000007bf580000)
 ParOldGen       total 336896K, used 77088K [0x00000006fe800000, 0x0000000713100000, 0x000000077f800000)
  object space 336896K, 22% used [0x00000006fe800000,0x00000007033482c0,0x0000000713100000)
 Metaspace       used 138664K, capacity 143730K, committed 143912K, reserved 1175552K
  class space    used 16620K, capacity 17642K, committed 17704K, reserved 1048576K
Event: 2250,680 GC heap after
Heap after GC invocations=43 (full 8):
 PSYoungGen      total 761344K, used 7732K [0x000000077f800000, 0x00000007bf080000, 0x00000007c0000000)
  eden space 485888K, 0% used [0x000000077f800000,0x000000077f800000,0x000000079d280000)
  from space 275456K, 2% used [0x00000007ae380000,0x00000007aeb0d278,0x00000007bf080000)
  to   space 277504K, 0% used [0x000000079d280000,0x000000079d280000,0x00000007ae180000)
 ParOldGen       total 336896K, used 192966K [0x00000006fe800000, 0x0000000713100000, 0x000000077f800000)
  object space 336896K, 57% used [0x00000006fe800000,0x000000070a471bf8,0x0000000713100000)
 Metaspace       used 138664K, capacity 143730K, committed 143912K, reserved 1175552K
  class space    used 16620K, capacity 17642K, committed 17704K, reserved 1048576K
}
Event: 2256,405 GC heap before
{Heap before GC invocations=44 (full 8):
 PSYoungGen      total 761344K, used 493620K [0x000000077f800000, 0x00000007bf080000, 0x00000007c0000000)
  eden space 485888K, 100% used [0x000000077f800000,0x000000079d280000,0x000000079d280000)
  from space 275456K, 2% used [0x00000007ae380000,0x00000007aeb0d278,0x00000007bf080000)
  to   space 277504K, 0% used [0x000000079d280000,0x000000079d280000,0x00000007ae180000)
 ParOldGen       total 336896K, used 192966K [0x00000006fe800000, 0x0000000713100000, 0x000000077f800000)
  object space 336896K, 57% used [0x00000006fe800000,0x000000070a471bf8,0x0000000713100000)
 Metaspace       used 142210K, capacity 147336K, committed 147368K, reserved 1179648K
  class space    used 17044K, capacity 18079K, committed 18088K, reserved 1048576K
Event: 2256,571 GC heap after
Heap after GC invocations=44 (full 8):
 PSYoungGen      total 763392K, used 56502K [0x000000077f800000, 0x00000007be800000, 0x00000007c0000000)
  eden space 485888K, 0% used [0x000000077f800000,0x000000077f800000,0x000000079d280000)
  from space 277504K, 20% used [0x000000079d280000,0x00000007a09ad9d8,0x00000007ae180000)
  to   space 264192K, 0% used [0x00000007ae600000,0x00000007ae600000,0x00000007be800000)
 ParOldGen       total 336896K, used 194303K [0x00000006fe800000, 0x0000000713100000, 0x000000077f800000)
  object space 336896K, 57% used [0x00000006fe800000,0x000000070a5bff40,0x0000000713100000)
 Metaspace       used 142210K, capacity 147336K, committed 147368K, reserved 1179648K
  class space    used 17044K, capacity 18079K, committed 18088K, reserved 1048576K
}
Event: 2260,497 GC heap before
{Heap before GC invocations=45 (full 8):
 PSYoungGen      total 763392K, used 542390K [0x000000077f800000, 0x00000007be800000, 0x00000007c0000000)
  eden space 485888K, 100% used [0x000000077f800000,0x000000079d280000,0x000000079d280000)
  from space 277504K, 20% used [0x000000079d280000,0x00000007a09ad9d8,0x00000007ae180000)
  to   space 264192K, 0% used [0x00000007ae600000,0x00000007ae600000,0x00000007be800000)
 ParOldGen       total 336896K, used 194303K [0x00000006fe800000, 0x0000000713100000, 0x000000077f800000)
  object space 336896K, 57% used [0x00000006fe800000,0x000000070a5bff40,0x0000000713100000)
 Metaspace       used 142310K, capacity 147476K, committed 147624K, reserved 1179648K
  class space    used 17046K, capacity 18081K, committed 18088K, reserved 1048576K
Event: 2260,665 GC heap after
Heap after GC invocations=45 (full 8):
 PSYoungGen      total 772608K, used 7296K [0x000000077f800000, 0x00000007bea00000, 0x00000007c0000000)
  eden space 508416K, 0% used [0x000000077f800000,0x000000077f800000,0x000000079e880000)
  from space 264192K, 2% used [0x00000007ae600000,0x00000007aed20000,0x00000007be800000)
  to   space 259584K, 0% used [0x000000079e880000,0x000000079e880000,0x00000007ae600000)
 ParOldGen       total 336896K, used 248414K [0x00000006fe800000, 0x0000000713100000, 0x000000077f800000)
  object space 336896K, 73% used [0x00000006fe800000,0x000000070da97bd8,0x0000000713100000)
 Metaspace       used 142310K, capacity 147476K, committed 147624K, reserved 1179648K
  class space    used 17046K, capacity 18081K, committed 18088K, reserved 1048576K
}
Event: 2260,666 GC heap before
{Heap before GC invocations=46 (full 9):
 PSYoungGen      total 772608K, used 7296K [0x000000077f800000, 0x00000007bea00000, 0x00000007c0000000)
  eden space 508416K, 0% used [0x000000077f800000,0x000000077f800000,0x000000079e880000)
  from space 264192K, 2% used [0x00000007ae600000,0x00000007aed20000,0x00000007be800000)
  to   space 259584K, 0% used [0x000000079e880000,0x000000079e880000,0x00000007ae600000)
 ParOldGen       total 336896K, used 248414K [0x00000006fe800000, 0x0000000713100000, 0x000000077f800000)
  object space 336896K, 73% used [0x00000006fe800000,0x000000070da97bd8,0x0000000713100000)
 Metaspace       used 142310K, capacity 147476K, committed 147624K, reserved 1179648K
  class space    used 17046K, capacity 18081K, committed 18088K, reserved 1048576K

