# JRE version: OpenJDK Runtime Environment (8.0_152) (build 1.8.0_152-release-1343-b16-5323222)
# Java VM: OpenJDK 64-Bit Server VM (25.152-b16-5323222 mixed mode linux-amd64 compressed oops)
Heap:
 PSYoungGen      total 763904K, used 0K [0x000000077f800000, 0x00000007c0000000, 0x00000007c0000000)
  eden space 454656K, 0% used [0x000000077f800000,0x000000077f800000,0x000000079b400000)
  from space 309248K, 0% used [0x00000007ad200000,0x00000007ad200000,0x00000007c0000000)
  to   space 292864K, 0% used [0x000000079b400000,0x000000079b400000,0x00000007ad200000)
 ParOldGen       total 644608K, used 467319K [0x00000006fe800000, 0x0000000725d80000, 0x000000077f800000)
  object space 644608K, 72% used [0x00000006fe800000,0x000000071b05dcd0,0x0000000725d80000)
 Metaspace       used 113074K, capacity 120518K, committed 121088K, reserved 1155072K
  class space    used 14300K, capacity 15770K, committed 15872K, reserved 1048576K
GC Heap History (10 events):
Event: 4660,952 GC heap after
Heap after GC invocations=68 (full 6):
 PSYoungGen      total 752640K, used 22652K [0x000000077f800000, 0x00000007c0000000, 0x00000007c0000000)
  eden space 456704K, 0% used [0x000000077f800000,0x000000077f800000,0x000000079b600000)
  from space 295936K, 7% used [0x00000007ad500000,0x00000007aeb1f360,0x00000007bf600000)
  to   space 293888K, 0% used [0x000000079b600000,0x000000079b600000,0x00000007ad500000)
 ParOldGen       total 639488K, used 396411K [0x00000006fe800000, 0x0000000725880000, 0x000000077f800000)
  object space 639488K, 61% used [0x00000006fe800000,0x0000000716b1ec00,0x0000000725880000)
 Metaspace       used 112905K, capacity 120340K, committed 120832K, reserved 1155072K
  class space    used 14288K, capacity 15723K, committed 15872K, reserved 1048576K
}
Event: 4661,402 GC heap before
{Heap before GC invocations=69 (full 6):
 PSYoungGen      total 752640K, used 479356K [0x000000077f800000, 0x00000007c0000000, 0x00000007c0000000)
  eden space 456704K, 100% used [0x000000077f800000,0x000000079b600000,0x000000079b600000)
  from space 295936K, 7% used [0x00000007ad500000,0x00000007aeb1f360,0x00000007bf600000)
  to   space 293888K, 0% used [0x000000079b600000,0x000000079b600000,0x00000007ad500000)
 ParOldGen       total 639488K, used 396411K [0x00000006fe800000, 0x0000000725880000, 0x000000077f800000)
  object space 639488K, 61% used [0x00000006fe800000,0x0000000716b1ec00,0x0000000725880000)
 Metaspace       used 112905K, capacity 120340K, committed 120832K, reserved 1155072K
  class space    used 14288K, capacity 15723K, committed 15872K, reserved 1048576K
Event: 4661,462 GC heap after
Heap after GC invocations=69 (full 6):
 PSYoungGen      total 750592K, used 128K [0x000000077f800000, 0x00000007bfd00000, 0x00000007c0000000)
  eden space 456704K, 0% used [0x000000077f800000,0x000000077f800000,0x000000079b600000)
  from space 293888K, 0% used [0x000000079b600000,0x000000079b620000,0x00000007ad500000)
  to   space 293376K, 0% used [0x00000007ade80000,0x00000007ade80000,0x00000007bfd00000)
 ParOldGen       total 639488K, used 419111K [0x00000006fe800000, 0x0000000725880000, 0x000000077f800000)
  object space 639488K, 65% used [0x00000006fe800000,0x0000000718149cc0,0x0000000725880000)
 Metaspace       used 112905K, capacity 120340K, committed 120832K, reserved 1155072K
  class space    used 14288K, capacity 15723K, committed 15872K, reserved 1048576K
}
Event: 4662,716 GC heap before
{Heap before GC invocations=70 (full 6):
 PSYoungGen      total 750592K, used 456832K [0x000000077f800000, 0x00000007bfd00000, 0x00000007c0000000)
  eden space 456704K, 100% used [0x000000077f800000,0x000000079b600000,0x000000079b600000)
  from space 293888K, 0% used [0x000000079b600000,0x000000079b620000,0x00000007ad500000)
  to   space 293376K, 0% used [0x00000007ade80000,0x00000007ade80000,0x00000007bfd00000)
 ParOldGen       total 639488K, used 419111K [0x00000006fe800000, 0x0000000725880000, 0x000000077f800000)
  object space 639488K, 65% used [0x00000006fe800000,0x0000000718149cc0,0x0000000725880000)
 Metaspace       used 112929K, capacity 120426K, committed 120832K, reserved 1155072K
  class space    used 14296K, capacity 15766K, committed 15872K, reserved 1048576K
Event: 4662,756 GC heap after
Heap after GC invocations=70 (full 6):
 PSYoungGen      total 729600K, used 86786K [0x000000077f800000, 0x00000007bdc80000, 0x00000007c0000000)
  eden space 469504K, 0% used [0x000000077f800000,0x000000077f800000,0x000000079c280000)
  from space 260096K, 33% used [0x00000007ade80000,0x00000007b3340880,0x00000007bdc80000)
  to   space 275456K, 0% used [0x000000079c280000,0x000000079c280000,0x00000007acf80000)
 ParOldGen       total 639488K, used 419143K [0x00000006fe800000, 0x0000000725880000, 0x000000077f800000)
  object space 639488K, 65% used [0x00000006fe800000,0x0000000718151cc0,0x0000000725880000)
 Metaspace       used 112929K, capacity 120426K, committed 120832K, reserved 1155072K
  class space    used 14296K, capacity 15766K, committed 15872K, reserved 1048576K
}
Event: 4666,573 GC heap before
{Heap before GC invocations=71 (full 6):
 PSYoungGen      total 729600K, used 556290K [0x000000077f800000, 0x00000007bdc80000, 0x00000007c0000000)
  eden space 469504K, 100% used [0x000000077f800000,0x000000079c280000,0x000000079c280000)
  from space 260096K, 33% used [0x00000007ade80000,0x00000007b3340880,0x00000007bdc80000)
  to   space 275456K, 0% used [0x000000079c280000,0x000000079c280000,0x00000007acf80000)
 ParOldGen       total 639488K, used 419143K [0x00000006fe800000, 0x0000000725880000, 0x000000077f800000)
  object space 639488K, 65% used [0x00000006fe800000,0x0000000718151cc0,0x0000000725880000)
 Metaspace       used 112973K, capacity 120436K, committed 120832K, reserved 1155072K
  class space    used 14297K, capacity 15767K, committed 15872K, reserved 1048576K
Event: 4667,083 GC heap after
Heap after GC invocations=71 (full 6):
 PSYoungGen      total 744960K, used 235587K [0x000000077f800000, 0x00000007c0000000, 0x00000007c0000000)
  eden space 469504K, 0% used [0x000000077f800000,0x000000077f800000,0x000000079c280000)
  from space 275456K, 85% used [0x000000079c280000,0x00000007aa890c80,0x00000007acf80000)
  to   space 309248K, 0% used [0x00000007ad200000,0x00000007ad200000,0x00000007c0000000)
 ParOldGen       total 639488K, used 419167K [0x00000006fe800000, 0x0000000725880000, 0x000000077f800000)
  object space 639488K, 65% used [0x00000006fe800000,0x0000000718157cc0,0x0000000725880000)
 Metaspace       used 112973K, capacity 120436K, committed 120832K, reserved 1155072K
  class space    used 14297K, capacity 15767K, committed 15872K, reserved 1048576K
}
Event: 4670,661 GC heap before
{Heap before GC invocations=72 (full 6):
 PSYoungGen      total 744960K, used 705091K [0x000000077f800000, 0x00000007c0000000, 0x00000007c0000000)
  eden space 469504K, 100% used [0x000000077f800000,0x000000079c280000,0x000000079c280000)
  from space 275456K, 85% used [0x000000079c280000,0x00000007aa890c80,0x00000007acf80000)
  to   space 309248K, 0% used [0x00000007ad200000,0x00000007ad200000,0x00000007c0000000)
 ParOldGen       total 639488K, used 419167K [0x00000006fe800000, 0x0000000725880000, 0x000000077f800000)
  object space 639488K, 65% used [0x00000006fe800000,0x0000000718157cc0,0x0000000725880000)
 Metaspace       used 113074K, capacity 120518K, committed 121088K, reserved 1155072K
  class space    used 14300K, capacity 15770K, committed 15872K, reserved 1048576K
Event: 4677,068 GC heap after
Heap after GC invocations=72 (full 6):
 PSYoungGen      total 763904K, used 89319K [0x000000077f800000, 0x00000007c0000000, 0x00000007c0000000)
  eden space 454656K, 0% used [0x000000077f800000,0x000000077f800000,0x000000079b400000)
  from space 309248K, 28% used [0x00000007ad200000,0x00000007b2939c30,0x00000007c0000000)
  to   space 292864K, 0% used [0x000000079b400000,0x000000079b400000,0x00000007ad200000)
 ParOldGen       total 644608K, used 644519K [0x00000006fe800000, 0x0000000725d80000, 0x000000077f800000)
  object space 644608K, 99% used [0x00000006fe800000,0x0000000725d69c58,0x0000000725d80000)
 Metaspace       used 113074K, capacity 120518K, committed 121088K, reserved 1155072K
  class space    used 14300K, capacity 15770K, committed 15872K, reserved 1048576K
}
Event: 4677,114 GC heap before
{Heap before GC invocations=73 (full 7):
 PSYoungGen      total 763904K, used 89319K [0x000000077f800000, 0x00000007c0000000, 0x00000007c0000000)
  eden space 454656K, 0% used [0x000000077f800000,0x000000077f800000,0x000000079b400000)
  from space 309248K, 28% used [0x00000007ad200000,0x00000007b2939c30,0x00000007c0000000)
  to   space 292864K, 0% used [0x000000079b400000,0x000000079b400000,0x00000007ad200000)
 ParOldGen       total 644608K, used 644519K [0x00000006fe800000, 0x0000000725d80000, 0x000000077f800000)
  object space 644608K, 99% used [0x00000006fe800000,0x0000000725d69c58,0x0000000725d80000)
 Metaspace       used 113074K, capacity 120518K, committed 121088K, reserved 1155072K
  class space    used 14300K, capacity 15770K, committed 15872K, reserved 1048576K

