# JRE version: OpenJDK Runtime Environment (8.0_152-b01) (build 1.8.0_152-release-1248-b01)
# Java VM: OpenJDK 64-Bit Server VM (25.152-b01 mixed mode linux-amd64 compressed oops)
Heap:
 PSYoungGen      total 921088K, used 0K [0x000000077f800000, 0x00000007c0000000, 0x00000007c0000000)
  eden space 785408K, 0% used [0x000000077f800000,0x000000077f800000,0x00000007af700000)
  from space 135680K, 0% used [0x00000007af700000,0x00000007af700000,0x00000007b7b80000)
  to   space 135680K, 0% used [0x00000007b7b80000,0x00000007b7b80000,0x00000007c0000000)
 ParOldGen       total 441344K, used 383962K [0x00000006fe800000, 0x0000000719700000, 0x000000077f800000)
  object space 441344K, 86% used [0x00000006fe800000,0x0000000715ef6b08,0x0000000719700000)
 Metaspace       used 162166K, capacity 172326K, committed 172952K, reserved 1200128K
  class space    used 20503K, capacity 22580K, committed 22704K, reserved 1048576K
GC Heap History (10 events):
Event: 5106,057 GC heap after
Heap after GC invocations=53 (full 6):
 PSYoungGen      total 894464K, used 96320K [0x000000077f800000, 0x00000007c0000000, 0x00000007c0000000)
  eden space 759296K, 0% used [0x000000077f800000,0x000000077f800000,0x00000007add80000)
  from space 135168K, 71% used [0x00000007add80000,0x00000007b3b900b8,0x00000007b6180000)
  to   space 140800K, 0% used [0x00000007b7680000,0x00000007b7680000,0x00000007c0000000)
 ParOldGen       total 441344K, used 272331K [0x00000006fe800000, 0x0000000719700000, 0x000000077f800000)
  object space 441344K, 61% used [0x00000006fe800000,0x000000070f1f2ea8,0x0000000719700000)
 Metaspace       used 160255K, capacity 170438K, committed 170776K, reserved 1198080K
  class space    used 20422K, capacity 22536K, committed 22576K, reserved 1048576K
}
Event: 5111,198 GC heap before
{Heap before GC invocations=54 (full 6):
 PSYoungGen      total 894464K, used 855616K [0x000000077f800000, 0x00000007c0000000, 0x00000007c0000000)
  eden space 759296K, 100% used [0x000000077f800000,0x00000007add80000,0x00000007add80000)
  from space 135168K, 71% used [0x00000007add80000,0x00000007b3b900b8,0x00000007b6180000)
  to   space 140800K, 0% used [0x00000007b7680000,0x00000007b7680000,0x00000007c0000000)
 ParOldGen       total 441344K, used 272331K [0x00000006fe800000, 0x0000000719700000, 0x000000077f800000)
  object space 441344K, 61% used [0x00000006fe800000,0x000000070f1f2ea8,0x0000000719700000)
 Metaspace       used 160990K, capacity 171256K, committed 171288K, reserved 1198080K
  class space    used 20447K, capacity 22571K, committed 22576K, reserved 1048576K
Event: 5111,427 GC heap after
Heap after GC invocations=54 (full 6):
 PSYoungGen      total 914944K, used 69521K [0x000000077f800000, 0x00000007bf980000, 0x00000007c0000000)
  eden space 780800K, 0% used [0x000000077f800000,0x000000077f800000,0x00000007af280000)
  from space 134144K, 51% used [0x00000007b7680000,0x00000007bba64670,0x00000007bf980000)
  to   space 134656K, 0% used [0x00000007af280000,0x00000007af280000,0x00000007b7600000)
 ParOldGen       total 441344K, used 332983K [0x00000006fe800000, 0x0000000719700000, 0x000000077f800000)
  object space 441344K, 75% used [0x00000006fe800000,0x0000000712d2dff8,0x0000000719700000)
 Metaspace       used 160990K, capacity 171256K, committed 171288K, reserved 1198080K
  class space    used 20447K, capacity 22571K, committed 22576K, reserved 1048576K
}
Event: 5117,715 GC heap before
{Heap before GC invocations=55 (full 6):
 PSYoungGen      total 914944K, used 850321K [0x000000077f800000, 0x00000007bf980000, 0x00000007c0000000)
  eden space 780800K, 100% used [0x000000077f800000,0x00000007af280000,0x00000007af280000)
  from space 134144K, 51% used [0x00000007b7680000,0x00000007bba64670,0x00000007bf980000)
  to   space 134656K, 0% used [0x00000007af280000,0x00000007af280000,0x00000007b7600000)
 ParOldGen       total 441344K, used 332983K [0x00000006fe800000, 0x0000000719700000, 0x000000077f800000)
  object space 441344K, 75% used [0x00000006fe800000,0x0000000712d2dff8,0x0000000719700000)
 Metaspace       used 161133K, capacity 171396K, committed 171544K, reserved 1198080K
  class space    used 20455K, capacity 22571K, committed 22576K, reserved 1048576K
Event: 5117,864 GC heap after
Heap after GC invocations=55 (full 6):
 PSYoungGen      total 915456K, used 26187K [0x000000077f800000, 0x00000007c0000000, 0x00000007c0000000)
  eden space 780800K, 0% used [0x000000077f800000,0x000000077f800000,0x00000007af280000)
  from space 134656K, 19% used [0x00000007af280000,0x00000007b0c12ce8,0x00000007b7600000)
  to   space 134656K, 0% used [0x00000007b7c80000,0x00000007b7c80000,0x00000007c0000000)
 ParOldGen       total 441344K, used 348322K [0x00000006fe800000, 0x0000000719700000, 0x000000077f800000)
  object space 441344K, 78% used [0x00000006fe800000,0x0000000713c28ab8,0x0000000719700000)
 Metaspace       used 161133K, capacity 171396K, committed 171544K, reserved 1198080K
  class space    used 20455K, capacity 22571K, committed 22576K, reserved 1048576K
}
Event: 5121,346 GC heap before
{Heap before GC invocations=56 (full 6):
 PSYoungGen      total 915456K, used 772721K [0x000000077f800000, 0x00000007c0000000, 0x00000007c0000000)
  eden space 780800K, 95% used [0x000000077f800000,0x00000007ad109a28,0x00000007af280000)
  from space 134656K, 19% used [0x00000007af280000,0x00000007b0c12ce8,0x00000007b7600000)
  to   space 134656K, 0% used [0x00000007b7c80000,0x00000007b7c80000,0x00000007c0000000)
 ParOldGen       total 441344K, used 348322K [0x00000006fe800000, 0x0000000719700000, 0x000000077f800000)
  object space 441344K, 78% used [0x00000006fe800000,0x0000000713c28ab8,0x0000000719700000)
 Metaspace       used 161753K, capacity 172126K, committed 172440K, reserved 1200128K
  class space    used 20493K, capacity 22642K, committed 22704K, reserved 1048576K
Event: 5121,452 GC heap after
Heap after GC invocations=56 (full 6):
 PSYoungGen      total 920064K, used 13956K [0x000000077f800000, 0x00000007c0000000, 0x00000007c0000000)
  eden space 785408K, 0% used [0x000000077f800000,0x000000077f800000,0x00000007af700000)
  from space 134656K, 10% used [0x00000007b7c80000,0x00000007b8a21030,0x00000007c0000000)
  to   space 135680K, 0% used [0x00000007af700000,0x00000007af700000,0x00000007b7b80000)
 ParOldGen       total 441344K, used 370352K [0x00000006fe800000, 0x0000000719700000, 0x000000077f800000)
  object space 441344K, 83% used [0x00000006fe800000,0x00000007151ac378,0x0000000719700000)
 Metaspace       used 161753K, capacity 172126K, committed 172440K, reserved 1200128K
  class space    used 20493K, capacity 22642K, committed 22704K, reserved 1048576K
}
Event: 5131,966 GC heap before
{Heap before GC invocations=57 (full 6):
 PSYoungGen      total 920064K, used 799364K [0x000000077f800000, 0x00000007c0000000, 0x00000007c0000000)
  eden space 785408K, 100% used [0x000000077f800000,0x00000007af700000,0x00000007af700000)
  from space 134656K, 10% used [0x00000007b7c80000,0x00000007b8a21030,0x00000007c0000000)
  to   space 135680K, 0% used [0x00000007af700000,0x00000007af700000,0x00000007b7b80000)
 ParOldGen       total 441344K, used 370352K [0x00000006fe800000, 0x0000000719700000, 0x000000077f800000)
  object space 441344K, 83% used [0x00000006fe800000,0x00000007151ac378,0x0000000719700000)
 Metaspace       used 162379K, capacity 172818K, committed 172952K, reserved 1200128K
  class space    used 20568K, capacity 22698K, committed 22704K, reserved 1048576K
Event: 5132,284 GC heap after
Heap after GC invocations=57 (full 6):
 PSYoungGen      total 921088K, used 135659K [0x000000077f800000, 0x00000007c0000000, 0x00000007c0000000)
  eden space 785408K, 0% used [0x000000077f800000,0x000000077f800000,0x00000007af700000)
  from space 135680K, 99% used [0x00000007af700000,0x00000007b7b7aed0,0x00000007b7b80000)
  to   space 135680K, 0% used [0x00000007b7b80000,0x00000007b7b80000,0x00000007c0000000)
 ParOldGen       total 441344K, used 417342K [0x00000006fe800000, 0x0000000719700000, 0x000000077f800000)
  object space 441344K, 94% used [0x00000006fe800000,0x0000000717f8f8a8,0x0000000719700000)
 Metaspace       used 162379K, capacity 172818K, committed 172952K, reserved 1200128K
  class space    used 20568K, capacity 22698K, committed 22704K, reserved 1048576K
}
Event: 5132,284 GC heap before
{Heap before GC invocations=58 (full 7):
 PSYoungGen      total 921088K, used 135659K [0x000000077f800000, 0x00000007c0000000, 0x00000007c0000000)
  eden space 785408K, 0% used [0x000000077f800000,0x000000077f800000,0x00000007af700000)
  from space 135680K, 99% used [0x00000007af700000,0x00000007b7b7aed0,0x00000007b7b80000)
  to   space 135680K, 0% used [0x00000007b7b80000,0x00000007b7b80000,0x00000007c0000000)
 ParOldGen       total 441344K, used 417342K [0x00000006fe800000, 0x0000000719700000, 0x000000077f800000)
  object space 441344K, 94% used [0x00000006fe800000,0x0000000717f8f8a8,0x0000000719700000)
 Metaspace       used 162379K, capacity 172818K, committed 172952K, reserved 1200128K
  class space    used 20568K, capacity 22698K, committed 22704K, reserved 1048576K

