# JRE version: OpenJDK Runtime Environment (8.0_152) (build 1.8.0_152-release-1343-b16-5323222)
# Java VM: OpenJDK 64-Bit Server VM (25.152-b16-5323222 mixed mode linux-amd64 compressed oops)
Heap:
 PSYoungGen      total 827904K, used 0K [0x000000077f800000, 0x00000007c0000000, 0x00000007c0000000)
  eden space 612352K, 0% used [0x000000077f800000,0x000000077f800000,0x00000007a4e00000)
  from space 215552K, 0% used [0x00000007b2d80000,0x00000007b2d80000,0x00000007c0000000)
  to   space 222208K, 0% used [0x00000007a4e00000,0x00000007a4e00000,0x00000007b2700000)
 ParOldGen       total 477696K, used 209881K [0x00000006fe800000, 0x000000071ba80000, 0x000000077f800000)
  object space 477696K, 43% used [0x00000006fe800000,0x000000070b4f65e0,0x000000071ba80000)
 Metaspace       used 200458K, capacity 207552K, committed 209832K, reserved 1232896K
  class space    used 23991K, capacity 25453K, committed 26536K, reserved 1048576K
GC Heap History (10 events):
Event: 5080,789 GC heap after
Heap after GC invocations=82 (full 13):
 PSYoungGen      total 820224K, used 40211K [0x000000077f800000, 0x00000007c0000000, 0x00000007c0000000)
  eden space 590848K, 0% used [0x000000077f800000,0x000000077f800000,0x00000007a3900000)
  from space 229376K, 17% used [0x00000007b0f80000,0x00000007b36c4fd8,0x00000007bef80000)
  to   space 219648K, 0% used [0x00000007a3900000,0x00000007a3900000,0x00000007b0f80000)
 ParOldGen       total 477696K, used 172466K [0x00000006fe800000, 0x000000071ba80000, 0x000000077f800000)
  object space 477696K, 36% used [0x00000006fe800000,0x000000070906ca08,0x000000071ba80000)
 Metaspace       used 184194K, capacity 190836K, committed 200616K, reserved 1222656K
  class space    used 21923K, capacity 23325K, committed 26536K, reserved 1048576K
}
Event: 5086,267 GC heap before
{Heap before GC invocations=83 (full 13):
 PSYoungGen      total 820224K, used 631059K [0x000000077f800000, 0x00000007c0000000, 0x00000007c0000000)
  eden space 590848K, 100% used [0x000000077f800000,0x00000007a3900000,0x00000007a3900000)
  from space 229376K, 17% used [0x00000007b0f80000,0x00000007b36c4fd8,0x00000007bef80000)
  to   space 219648K, 0% used [0x00000007a3900000,0x00000007a3900000,0x00000007b0f80000)
 ParOldGen       total 477696K, used 172466K [0x00000006fe800000, 0x000000071ba80000, 0x000000077f800000)
  object space 477696K, 36% used [0x00000006fe800000,0x000000070906ca08,0x000000071ba80000)
 Metaspace       used 190185K, capacity 196980K, committed 200872K, reserved 1224704K
  class space    used 22705K, capacity 24109K, committed 26536K, reserved 1048576K
Event: 5086,429 GC heap after
Heap after GC invocations=83 (full 13):
 PSYoungGen      total 810496K, used 58940K [0x000000077f800000, 0x00000007bdd80000, 0x00000007c0000000)
  eden space 590848K, 0% used [0x000000077f800000,0x000000077f800000,0x00000007a3900000)
  from space 219648K, 26% used [0x00000007a3900000,0x00000007a728f368,0x00000007b0f80000)
  to   space 206848K, 0% used [0x00000007b1380000,0x00000007b1380000,0x00000007bdd80000)
 ParOldGen       total 477696K, used 203388K [0x00000006fe800000, 0x000000071ba80000, 0x000000077f800000)
  object space 477696K, 42% used [0x00000006fe800000,0x000000070ae9f110,0x000000071ba80000)
 Metaspace       used 190185K, capacity 196980K, committed 200872K, reserved 1224704K
  class space    used 22705K, capacity 24109K, committed 26536K, reserved 1048576K
}
Event: 5090,081 GC heap before
{Heap before GC invocations=84 (full 13):
 PSYoungGen      total 810496K, used 649788K [0x000000077f800000, 0x00000007bdd80000, 0x00000007c0000000)
  eden space 590848K, 100% used [0x000000077f800000,0x00000007a3900000,0x00000007a3900000)
  from space 219648K, 26% used [0x00000007a3900000,0x00000007a728f368,0x00000007b0f80000)
  to   space 206848K, 0% used [0x00000007b1380000,0x00000007b1380000,0x00000007bdd80000)
 ParOldGen       total 477696K, used 203388K [0x00000006fe800000, 0x000000071ba80000, 0x000000077f800000)
  object space 477696K, 42% used [0x00000006fe800000,0x000000070ae9f110,0x000000071ba80000)
 Metaspace       used 190929K, capacity 197772K, committed 200872K, reserved 1224704K
  class space    used 22774K, capacity 24177K, committed 26536K, reserved 1048576K
Event: 5090,236 GC heap after
Heap after GC invocations=84 (full 13):
 PSYoungGen      total 818176K, used 10491K [0x000000077f800000, 0x00000007bec80000, 0x00000007c0000000)
  eden space 611328K, 0% used [0x000000077f800000,0x000000077f800000,0x00000007a4d00000)
  from space 206848K, 5% used [0x00000007b1380000,0x00000007b1dbef58,0x00000007bdd80000)
  to   space 203264K, 0% used [0x00000007a4d00000,0x00000007a4d00000,0x00000007b1380000)
 ParOldGen       total 477696K, used 257348K [0x00000006fe800000, 0x000000071ba80000, 0x000000077f800000)
  object space 477696K, 53% used [0x00000006fe800000,0x000000070e351398,0x000000071ba80000)
 Metaspace       used 190929K, capacity 197772K, committed 200872K, reserved 1224704K
  class space    used 22774K, capacity 24177K, committed 26536K, reserved 1048576K
}
Event: 5721,955 GC heap before
{Heap before GC invocations=85 (full 13):
 PSYoungGen      total 818176K, used 621819K [0x000000077f800000, 0x00000007bec80000, 0x00000007c0000000)
  eden space 611328K, 100% used [0x000000077f800000,0x00000007a4d00000,0x00000007a4d00000)
  from space 206848K, 5% used [0x00000007b1380000,0x00000007b1dbef58,0x00000007bdd80000)
  to   space 203264K, 0% used [0x00000007a4d00000,0x00000007a4d00000,0x00000007b1380000)
 ParOldGen       total 477696K, used 257348K [0x00000006fe800000, 0x000000071ba80000, 0x000000077f800000)
  object space 477696K, 53% used [0x00000006fe800000,0x000000070e351398,0x000000071ba80000)
 Metaspace       used 191471K, capacity 198378K, committed 200872K, reserved 1224704K
  class space    used 22823K, capacity 24262K, committed 26536K, reserved 1048576K
Event: 5723,000 GC heap after
Heap after GC invocations=85 (full 13):
 PSYoungGen      total 814592K, used 134448K [0x000000077f800000, 0x00000007c0000000, 0x00000007c0000000)
  eden space 611328K, 0% used [0x000000077f800000,0x000000077f800000,0x00000007a4d00000)
  from space 203264K, 66% used [0x00000007a4d00000,0x00000007ad04c338,0x00000007b1380000)
  to   space 215552K, 0% used [0x00000007b2d80000,0x00000007b2d80000,0x00000007c0000000)
 ParOldGen       total 477696K, used 266586K [0x00000006fe800000, 0x000000071ba80000, 0x000000077f800000)
  object space 477696K, 55% used [0x00000006fe800000,0x000000070ec569c8,0x000000071ba80000)
 Metaspace       used 191471K, capacity 198378K, committed 200872K, reserved 1224704K
  class space    used 22823K, capacity 24262K, committed 26536K, reserved 1048576K
}
Event: 5754,144 GC heap before
{Heap before GC invocations=86 (full 13):
 PSYoungGen      total 814592K, used 745776K [0x000000077f800000, 0x00000007c0000000, 0x00000007c0000000)
  eden space 611328K, 100% used [0x000000077f800000,0x00000007a4d00000,0x00000007a4d00000)
  from space 203264K, 66% used [0x00000007a4d00000,0x00000007ad04c338,0x00000007b1380000)
  to   space 215552K, 0% used [0x00000007b2d80000,0x00000007b2d80000,0x00000007c0000000)
 ParOldGen       total 477696K, used 266586K [0x00000006fe800000, 0x000000071ba80000, 0x000000077f800000)
  object space 477696K, 55% used [0x00000006fe800000,0x000000070ec569c8,0x000000071ba80000)
 Metaspace       used 201601K, capacity 208790K, committed 209832K, reserved 1232896K
  class space    used 24116K, capacity 25614K, committed 26536K, reserved 1048576K
Event: 5792,667 GC heap after
Heap after GC invocations=86 (full 13):
 PSYoungGen      total 827904K, used 128319K [0x000000077f800000, 0x00000007c0000000, 0x00000007c0000000)
  eden space 612352K, 0% used [0x000000077f800000,0x000000077f800000,0x00000007a4e00000)
  from space 215552K, 59% used [0x00000007b2d80000,0x00000007baacfd90,0x00000007c0000000)
  to   space 222208K, 0% used [0x00000007a4e00000,0x00000007a4e00000,0x00000007b2700000)
 ParOldGen       total 477696K, used 392770K [0x00000006fe800000, 0x000000071ba80000, 0x000000077f800000)
  object space 477696K, 82% used [0x00000006fe800000,0x00000007167908b8,0x000000071ba80000)
 Metaspace       used 201601K, capacity 208790K, committed 209832K, reserved 1232896K
  class space    used 24116K, capacity 25614K, committed 26536K, reserved 1048576K
}
Event: 5792,710 GC heap before
{Heap before GC invocations=87 (full 14):
 PSYoungGen      total 827904K, used 128319K [0x000000077f800000, 0x00000007c0000000, 0x00000007c0000000)
  eden space 612352K, 0% used [0x000000077f800000,0x000000077f800000,0x00000007a4e00000)
  from space 215552K, 59% used [0x00000007b2d80000,0x00000007baacfd90,0x00000007c0000000)
  to   space 222208K, 0% used [0x00000007a4e00000,0x00000007a4e00000,0x00000007b2700000)
 ParOldGen       total 477696K, used 392770K [0x00000006fe800000, 0x000000071ba80000, 0x000000077f800000)
  object space 477696K, 82% used [0x00000006fe800000,0x00000007167908b8,0x000000071ba80000)
 Metaspace       used 201601K, capacity 208790K, committed 209832K, reserved 1232896K
  class space    used 24116K, capacity 25614K, committed 26536K, reserved 1048576K

