# JRE version: OpenJDK Runtime Environment (8.0_152) (build 1.8.0_152-release-1343-b16-5323222)
# Java VM: OpenJDK 64-Bit Server VM (25.152-b16-5323222 mixed mode linux-amd64 compressed oops)
Heap:
 PSYoungGen      total 804352K, used 0K [0x000000077f800000, 0x00000007c0000000, 0x00000007c0000000)
  eden space 637952K, 0% used [0x000000077f800000,0x000000077f800000,0x00000007a6700000)
  from space 166400K, 0% used [0x00000007a6700000,0x00000007a6700000,0x00000007b0980000)
  to   space 236032K, 0% used [0x00000007b1980000,0x00000007b1980000,0x00000007c0000000)
 ParOldGen       total 728576K, used 455702K [0x00000006fe800000, 0x000000072af80000, 0x000000077f800000)
  object space 728576K, 62% used [0x00000006fe800000,0x000000071a505870,0x000000072af80000)
 Metaspace       used 143892K, capacity 155044K, committed 157104K, reserved 1185792K
  class space    used 17831K, capacity 19822K, committed 20400K, reserved 1048576K
GC Heap History (10 events):
Event: 10103,742 GC heap after
Heap after GC invocations=286 (full 17):
 PSYoungGen      total 846848K, used 3072K [0x000000077f800000, 0x00000007be880000, 0x00000007c0000000)
  eden space 671232K, 0% used [0x000000077f800000,0x000000077f800000,0x00000007a8780000)
  from space 175616K, 1% used [0x00000007a8780000,0x00000007a8a80000,0x00000007b3300000)
  to   space 167936K, 0% used [0x00000007b4480000,0x00000007b4480000,0x00000007be880000)
 ParOldGen       total 728576K, used 511786K [0x00000006fe800000, 0x000000072af80000, 0x000000077f800000)
  object space 728576K, 70% used [0x00000006fe800000,0x000000071dbca918,0x000000072af80000)
 Metaspace       used 143872K, capacity 154982K, committed 157104K, reserved 1185792K
  class space    used 17830K, capacity 19823K, committed 20400K, reserved 1048576K
}
Event: 10106,307 GC heap before
{Heap before GC invocations=287 (full 17):
 PSYoungGen      total 846848K, used 674304K [0x000000077f800000, 0x00000007be880000, 0x00000007c0000000)
  eden space 671232K, 100% used [0x000000077f800000,0x00000007a8780000,0x00000007a8780000)
  from space 175616K, 1% used [0x00000007a8780000,0x00000007a8a80000,0x00000007b3300000)
  to   space 167936K, 0% used [0x00000007b4480000,0x00000007b4480000,0x00000007be880000)
 ParOldGen       total 728576K, used 511786K [0x00000006fe800000, 0x000000072af80000, 0x000000077f800000)
  object space 728576K, 70% used [0x00000006fe800000,0x000000071dbca918,0x000000072af80000)
 Metaspace       used 143878K, capacity 154982K, committed 157104K, reserved 1185792K
  class space    used 17831K, capacity 19823K, committed 20400K, reserved 1048576K
Event: 10106,448 GC heap after
Heap after GC invocations=287 (full 17):
 PSYoungGen      total 868352K, used 35820K [0x000000077f800000, 0x00000007bdf80000, 0x00000007c0000000)
  eden space 709632K, 0% used [0x000000077f800000,0x000000077f800000,0x00000007aad00000)
  from space 158720K, 22% used [0x00000007b4480000,0x00000007b677b1e8,0x00000007bdf80000)
  to   space 155136K, 0% used [0x00000007aad00000,0x00000007aad00000,0x00000007b4480000)
 ParOldGen       total 728576K, used 511802K [0x00000006fe800000, 0x000000072af80000, 0x000000077f800000)
  object space 728576K, 70% used [0x00000006fe800000,0x000000071dbce918,0x000000072af80000)
 Metaspace       used 143878K, capacity 154982K, committed 157104K, reserved 1185792K
  class space    used 17831K, capacity 19823K, committed 20400K, reserved 1048576K
}
Event: 10110,254 GC heap before
{Heap before GC invocations=288 (full 17):
 PSYoungGen      total 868352K, used 745452K [0x000000077f800000, 0x00000007bdf80000, 0x00000007c0000000)
  eden space 709632K, 100% used [0x000000077f800000,0x00000007aad00000,0x00000007aad00000)
  from space 158720K, 22% used [0x00000007b4480000,0x00000007b677b1e8,0x00000007bdf80000)
  to   space 155136K, 0% used [0x00000007aad00000,0x00000007aad00000,0x00000007b4480000)
 ParOldGen       total 728576K, used 511802K [0x00000006fe800000, 0x000000072af80000, 0x000000077f800000)
  object space 728576K, 70% used [0x00000006fe800000,0x000000071dbce918,0x000000072af80000)
 Metaspace       used 143886K, capacity 155046K, committed 157104K, reserved 1185792K
  class space    used 17832K, capacity 19823K, committed 20400K, reserved 1048576K
Event: 10110,479 GC heap after
Heap after GC invocations=288 (full 17):
 PSYoungGen      total 864768K, used 11409K [0x000000077f800000, 0x00000007bec80000, 0x00000007c0000000)
  eden space 709632K, 0% used [0x000000077f800000,0x000000077f800000,0x00000007aad00000)
  from space 155136K, 7% used [0x00000007aad00000,0x00000007ab8245f8,0x00000007b4480000)
  to   space 146944K, 0% used [0x00000007b5d00000,0x00000007b5d00000,0x00000007bec80000)
 ParOldGen       total 728576K, used 524543K [0x00000006fe800000, 0x000000072af80000, 0x000000077f800000)
  object space 728576K, 71% used [0x00000006fe800000,0x000000071e83fc38,0x000000072af80000)
 Metaspace       used 143886K, capacity 155046K, committed 157104K, reserved 1185792K
  class space    used 17832K, capacity 19823K, committed 20400K, reserved 1048576K
}
Event: 10115,090 GC heap before
{Heap before GC invocations=289 (full 17):
 PSYoungGen      total 864768K, used 721041K [0x000000077f800000, 0x00000007bec80000, 0x00000007c0000000)
  eden space 709632K, 100% used [0x000000077f800000,0x00000007aad00000,0x00000007aad00000)
  from space 155136K, 7% used [0x00000007aad00000,0x00000007ab8245f8,0x00000007b4480000)
  to   space 146944K, 0% used [0x00000007b5d00000,0x00000007b5d00000,0x00000007bec80000)
 ParOldGen       total 728576K, used 524543K [0x00000006fe800000, 0x000000072af80000, 0x000000077f800000)
  object space 728576K, 71% used [0x00000006fe800000,0x000000071e83fc38,0x000000072af80000)
 Metaspace       used 143886K, capacity 155046K, committed 157104K, reserved 1185792K
  class space    used 17832K, capacity 19823K, committed 20400K, reserved 1048576K
Event: 10115,352 GC heap after
Heap after GC invocations=289 (full 17):
 PSYoungGen      total 784896K, used 146942K [0x000000077f800000, 0x00000007c0000000, 0x00000007c0000000)
  eden space 637952K, 0% used [0x000000077f800000,0x000000077f800000,0x00000007a6700000)
  from space 146944K, 99% used [0x00000007b5d00000,0x00000007bec7f980,0x00000007bec80000)
  to   space 209408K, 0% used [0x00000007a6700000,0x00000007a6700000,0x00000007b3380000)
 ParOldGen       total 728576K, used 609385K [0x00000006fe800000, 0x000000072af80000, 0x000000077f800000)
  object space 728576K, 83% used [0x00000006fe800000,0x0000000723b1a668,0x000000072af80000)
 Metaspace       used 143886K, capacity 155046K, committed 157104K, reserved 1185792K
  class space    used 17832K, capacity 19823K, committed 20400K, reserved 1048576K
}
Event: 10120,074 GC heap before
{Heap before GC invocations=290 (full 17):
 PSYoungGen      total 784896K, used 784894K [0x000000077f800000, 0x00000007c0000000, 0x00000007c0000000)
  eden space 637952K, 100% used [0x000000077f800000,0x00000007a6700000,0x00000007a6700000)
  from space 146944K, 99% used [0x00000007b5d00000,0x00000007bec7f980,0x00000007bec80000)
  to   space 209408K, 0% used [0x00000007a6700000,0x00000007a6700000,0x00000007b3380000)
 ParOldGen       total 728576K, used 609385K [0x00000006fe800000, 0x000000072af80000, 0x000000077f800000)
  object space 728576K, 83% used [0x00000006fe800000,0x0000000723b1a668,0x000000072af80000)
 Metaspace       used 143894K, capacity 155050K, committed 157104K, reserved 1185792K
  class space    used 17832K, capacity 19823K, committed 20400K, reserved 1048576K
Event: 10120,618 GC heap after
Heap after GC invocations=290 (full 17):
 PSYoungGen      total 804352K, used 166310K [0x000000077f800000, 0x00000007c0000000, 0x00000007c0000000)
  eden space 637952K, 0% used [0x000000077f800000,0x000000077f800000,0x00000007a6700000)
  from space 166400K, 99% used [0x00000007a6700000,0x00000007b0969880,0x00000007b0980000)
  to   space 236032K, 0% used [0x00000007b1980000,0x00000007b1980000,0x00000007c0000000)
 ParOldGen       total 728576K, used 710682K [0x00000006fe800000, 0x000000072af80000, 0x000000077f800000)
  object space 728576K, 97% used [0x00000006fe800000,0x0000000729e06840,0x000000072af80000)
 Metaspace       used 143894K, capacity 155050K, committed 157104K, reserved 1185792K
  class space    used 17832K, capacity 19823K, committed 20400K, reserved 1048576K
}
Event: 10120,618 GC heap before
{Heap before GC invocations=291 (full 18):
 PSYoungGen      total 804352K, used 166310K [0x000000077f800000, 0x00000007c0000000, 0x00000007c0000000)
  eden space 637952K, 0% used [0x000000077f800000,0x000000077f800000,0x00000007a6700000)
  from space 166400K, 99% used [0x00000007a6700000,0x00000007b0969880,0x00000007b0980000)
  to   space 236032K, 0% used [0x00000007b1980000,0x00000007b1980000,0x00000007c0000000)
 ParOldGen       total 728576K, used 710682K [0x00000006fe800000, 0x000000072af80000, 0x000000077f800000)
  object space 728576K, 97% used [0x00000006fe800000,0x0000000729e06840,0x000000072af80000)
 Metaspace       used 143894K, capacity 155050K, committed 157104K, reserved 1185792K
  class space    used 17832K, capacity 19823K, committed 20400K, reserved 1048576K

