# JRE version: OpenJDK Runtime Environment (8.0_152) (build 1.8.0_152-release-1343-b16-5323222)
# Java VM: OpenJDK 64-Bit Server VM (25.152-b16-5323222 mixed mode linux-amd64 compressed oops)
Heap:
 PSYoungGen      total 525312K, used 0K [0x000000077f800000, 0x00000007af680000, 0x00000007c0000000)
  eden space 450048K, 0% used [0x000000077f800000,0x000000077f800000,0x000000079af80000)
  from space 75264K, 0% used [0x00000007a2a80000,0x00000007a2a80000,0x00000007a7400000)
  to   space 125952K, 0% used [0x000000079af80000,0x000000079af80000,0x00000007a2a80000)
 ParOldGen       total 357888K, used 278715K [0x00000006fe800000, 0x0000000714580000, 0x000000077f800000)
  object space 357888K, 77% used [0x00000006fe800000,0x000000070f82ec88,0x0000000714580000)
 Metaspace       used 79967K, capacity 83212K, committed 83352K, reserved 1120256K
  class space    used 10768K, capacity 11602K, committed 11672K, reserved 1048576K
GC Heap History (10 events):
Event: 34,914 GC heap after
Heap after GC invocations=18 (full 3):
 PSYoungGen      total 369152K, used 8988K [0x000000077f800000, 0x000000079da80000, 0x00000007c0000000)
  eden space 336384K, 0% used [0x000000077f800000,0x000000077f800000,0x0000000794080000)
  from space 32768K, 27% used [0x0000000794080000,0x00000007949471e8,0x0000000796080000)
  to   space 31744K, 0% used [0x000000079bb80000,0x000000079bb80000,0x000000079da80000)
 ParOldGen       total 142848K, used 94052K [0x00000006fe800000, 0x0000000707380000, 0x000000077f800000)
  object space 142848K, 65% used [0x00000006fe800000,0x00000007043d91e0,0x0000000707380000)
 Metaspace       used 71953K, capacity 74952K, committed 75160K, reserved 1114112K
  class space    used 9735K, capacity 10540K, committed 10648K, reserved 1048576K
}
Event: 46,160 GC heap before
{Heap before GC invocations=19 (full 3):
 PSYoungGen      total 369152K, used 345372K [0x000000077f800000, 0x000000079da80000, 0x00000007c0000000)
  eden space 336384K, 100% used [0x000000077f800000,0x0000000794080000,0x0000000794080000)
  from space 32768K, 27% used [0x0000000794080000,0x00000007949471e8,0x0000000796080000)
  to   space 31744K, 0% used [0x000000079bb80000,0x000000079bb80000,0x000000079da80000)
 ParOldGen       total 142848K, used 94052K [0x00000006fe800000, 0x0000000707380000, 0x000000077f800000)
  object space 142848K, 65% used [0x00000006fe800000,0x00000007043d91e0,0x0000000707380000)
 Metaspace       used 77241K, capacity 80294K, committed 80408K, reserved 1118208K
  class space    used 10457K, capacity 11261K, committed 11288K, reserved 1048576K
Event: 46,295 GC heap after
Heap after GC invocations=19 (full 3):
 PSYoungGen      total 453120K, used 27431K [0x000000077f800000, 0x000000079d980000, 0x00000007c0000000)
  eden space 422400K, 0% used [0x000000077f800000,0x000000077f800000,0x0000000799480000)
  from space 30720K, 89% used [0x000000079bb80000,0x000000079d649d28,0x000000079d980000)
  to   space 35328K, 0% used [0x0000000799480000,0x0000000799480000,0x000000079b700000)
 ParOldGen       total 142848K, used 94060K [0x00000006fe800000, 0x0000000707380000, 0x000000077f800000)
  object space 142848K, 65% used [0x00000006fe800000,0x00000007043db1e0,0x0000000707380000)
 Metaspace       used 77241K, capacity 80294K, committed 80408K, reserved 1118208K
  class space    used 10457K, capacity 11261K, committed 11288K, reserved 1048576K
}
Event: 51,141 GC heap before
{Heap before GC invocations=20 (full 3):
 PSYoungGen      total 453120K, used 449754K [0x000000077f800000, 0x000000079d980000, 0x00000007c0000000)
  eden space 422400K, 99% used [0x000000077f800000,0x000000079946cb10,0x0000000799480000)
  from space 30720K, 89% used [0x000000079bb80000,0x000000079d649d28,0x000000079d980000)
  to   space 35328K, 0% used [0x0000000799480000,0x0000000799480000,0x000000079b700000)
 ParOldGen       total 142848K, used 94060K [0x00000006fe800000, 0x0000000707380000, 0x000000077f800000)
  object space 142848K, 65% used [0x00000006fe800000,0x00000007043db1e0,0x0000000707380000)
 Metaspace       used 79148K, capacity 82354K, committed 82456K, reserved 1120256K
  class space    used 10699K, capacity 11517K, committed 11544K, reserved 1048576K
Event: 51,398 GC heap after
Heap after GC invocations=20 (full 3):
 PSYoungGen      total 457728K, used 35305K [0x000000077f800000, 0x00000007a7400000, 0x00000007c0000000)
  eden space 422400K, 0% used [0x000000077f800000,0x000000077f800000,0x0000000799480000)
  from space 35328K, 99% used [0x0000000799480000,0x000000079b6fa6f8,0x000000079b700000)
  to   space 75264K, 0% used [0x00000007a2a80000,0x00000007a2a80000,0x00000007a7400000)
 ParOldGen       total 187392K, used 187247K [0x00000006fe800000, 0x0000000709f00000, 0x000000077f800000)
  object space 187392K, 99% used [0x00000006fe800000,0x0000000709edbee8,0x0000000709f00000)
 Metaspace       used 79148K, capacity 82354K, committed 82456K, reserved 1120256K
  class space    used 10699K, capacity 11517K, committed 11544K, reserved 1048576K
}
Event: 51,436 GC heap before
{Heap before GC invocations=21 (full 4):
 PSYoungGen      total 457728K, used 35305K [0x000000077f800000, 0x00000007a7400000, 0x00000007c0000000)
  eden space 422400K, 0% used [0x000000077f800000,0x000000077f800000,0x0000000799480000)
  from space 35328K, 99% used [0x0000000799480000,0x000000079b6fa6f8,0x000000079b700000)
  to   space 75264K, 0% used [0x00000007a2a80000,0x00000007a2a80000,0x00000007a7400000)
 ParOldGen       total 187392K, used 187247K [0x00000006fe800000, 0x0000000709f00000, 0x000000077f800000)
  object space 187392K, 99% used [0x00000006fe800000,0x0000000709edbee8,0x0000000709f00000)
 Metaspace       used 79148K, capacity 82354K, committed 82456K, reserved 1120256K
  class space    used 10699K, capacity 11517K, committed 11544K, reserved 1048576K
Event: 53,377 GC heap after
Heap after GC invocations=21 (full 4):
 PSYoungGen      total 457728K, used 22707K [0x000000077f800000, 0x00000007a7400000, 0x00000007c0000000)
  eden space 422400K, 0% used [0x000000077f800000,0x000000077f800000,0x0000000799480000)
  from space 35328K, 64% used [0x0000000799480000,0x000000079aaacdf0,0x000000079b700000)
  to   space 75264K, 0% used [0x00000007a2a80000,0x00000007a2a80000,0x00000007a7400000)
 ParOldGen       total 357888K, used 187327K [0x00000006fe800000, 0x0000000714580000, 0x000000077f800000)
  object space 357888K, 52% used [0x00000006fe800000,0x0000000709eefe48,0x0000000714580000)
 Metaspace       used 79146K, capacity 82348K, committed 82456K, reserved 1120256K
  class space    used 10699K, capacity 11516K, committed 11544K, reserved 1048576K
}
Event: 57,731 GC heap before
{Heap before GC invocations=22 (full 4):
 PSYoungGen      total 457728K, used 445107K [0x000000077f800000, 0x00000007a7400000, 0x00000007c0000000)
  eden space 422400K, 100% used [0x000000077f800000,0x0000000799480000,0x0000000799480000)
  from space 35328K, 64% used [0x0000000799480000,0x000000079aaacdf0,0x000000079b700000)
  to   space 75264K, 0% used [0x00000007a2a80000,0x00000007a2a80000,0x00000007a7400000)
 ParOldGen       total 357888K, used 187327K [0x00000006fe800000, 0x0000000714580000, 0x000000077f800000)
  object space 357888K, 52% used [0x00000006fe800000,0x0000000709eefe48,0x0000000714580000)
 Metaspace       used 79972K, capacity 83226K, committed 83352K, reserved 1120256K
  class space    used 10770K, capacity 11605K, committed 11672K, reserved 1048576K
Event: 62,940 GC heap after
Heap after GC invocations=22 (full 4):
 PSYoungGen      total 525312K, used 75259K [0x000000077f800000, 0x00000007af680000, 0x00000007c0000000)
  eden space 450048K, 0% used [0x000000077f800000,0x000000077f800000,0x000000079af80000)
  from space 75264K, 99% used [0x00000007a2a80000,0x00000007a73fed80,0x00000007a7400000)
  to   space 125952K, 0% used [0x000000079af80000,0x000000079af80000,0x00000007a2a80000)
 ParOldGen       total 357888K, used 289436K [0x00000006fe800000, 0x0000000714580000, 0x000000077f800000)
  object space 357888K, 80% used [0x00000006fe800000,0x00000007102a72e8,0x0000000714580000)
 Metaspace       used 79972K, capacity 83226K, committed 83352K, reserved 1120256K
  class space    used 10770K, capacity 11605K, committed 11672K, reserved 1048576K
}
Event: 65,090 GC heap before
{Heap before GC invocations=23 (full 5):
 PSYoungGen      total 525312K, used 75259K [0x000000077f800000, 0x00000007af680000, 0x00000007c0000000)
  eden space 450048K, 0% used [0x000000077f800000,0x000000077f800000,0x000000079af80000)
  from space 75264K, 99% used [0x00000007a2a80000,0x00000007a73fed80,0x00000007a7400000)
  to   space 125952K, 0% used [0x000000079af80000,0x000000079af80000,0x00000007a2a80000)
 ParOldGen       total 357888K, used 289436K [0x00000006fe800000, 0x0000000714580000, 0x000000077f800000)
  object space 357888K, 80% used [0x00000006fe800000,0x00000007102a72e8,0x0000000714580000)
 Metaspace       used 79972K, capacity 83226K, committed 83352K, reserved 1120256K
  class space    used 10770K, capacity 11605K, committed 11672K, reserved 1048576K

