# JRE version: OpenJDK Runtime Environment (8.0_152) (build 1.8.0_152-release-1343-b16-5323222)
# Java VM: OpenJDK 64-Bit Server VM (25.152-b16-5323222 mixed mode linux-amd64 compressed oops)
Heap:
 PSYoungGen      total 808960K, used 0K [0x000000077f800000, 0x00000007c0000000, 0x00000007c0000000)
  eden space 561152K, 0% used [0x000000077f800000,0x000000077f800000,0x00000007a1c00000)
  from space 247808K, 0% used [0x00000007a1c00000,0x00000007a1c00000,0x00000007b0e00000)
  to   space 243200K, 0% used [0x00000007b1280000,0x00000007b1280000,0x00000007c0000000)
 ParOldGen       total 716800K, used 424022K [0x00000006fe800000, 0x000000072a400000, 0x000000077f800000)
  object space 716800K, 59% used [0x00000006fe800000,0x0000000718615968,0x000000072a400000)
 Metaspace       used 124963K, capacity 133046K, committed 158256K, reserved 1187840K
  class space    used 15375K, capacity 16888K, committed 20528K, reserved 1048576K
GC Heap History (10 events):
Event: 8781,280 GC heap after
Heap after GC invocations=191 (full 14):
 PSYoungGen      total 852992K, used 102377K [0x000000077f800000, 0x00000007c0000000, 0x00000007c0000000)
  eden space 680448K, 0% used [0x000000077f800000,0x000000077f800000,0x00000007a9080000)
  from space 172544K, 59% used [0x00000007a9080000,0x00000007af47a580,0x00000007b3900000)
  to   space 182784K, 0% used [0x00000007b4d80000,0x00000007b4d80000,0x00000007c0000000)
 ParOldGen       total 716800K, used 307287K [0x00000006fe800000, 0x000000072a400000, 0x000000077f800000)
  object space 716800K, 42% used [0x00000006fe800000,0x0000000711415c18,0x000000072a400000)
 Metaspace       used 125039K, capacity 133126K, committed 158256K, reserved 1187840K
  class space    used 15388K, capacity 16912K, committed 20528K, reserved 1048576K
}
Event: 8793,184 GC heap before
{Heap before GC invocations=192 (full 14):
 PSYoungGen      total 852992K, used 782825K [0x000000077f800000, 0x00000007c0000000, 0x00000007c0000000)
  eden space 680448K, 100% used [0x000000077f800000,0x00000007a9080000,0x00000007a9080000)
  from space 172544K, 59% used [0x00000007a9080000,0x00000007af47a580,0x00000007b3900000)
  to   space 182784K, 0% used [0x00000007b4d80000,0x00000007b4d80000,0x00000007c0000000)
 ParOldGen       total 716800K, used 307287K [0x00000006fe800000, 0x000000072a400000, 0x000000077f800000)
  object space 716800K, 42% used [0x00000006fe800000,0x0000000711415c18,0x000000072a400000)
 Metaspace       used 125046K, capacity 133190K, committed 158256K, reserved 1187840K
  class space    used 15388K, capacity 16912K, committed 20528K, reserved 1048576K
Event: 8793,644 GC heap after
Heap after GC invocations=192 (full 14):
 PSYoungGen      total 878592K, used 66717K [0x000000077f800000, 0x00000007bff00000, 0x00000007c0000000)
  eden space 696832K, 0% used [0x000000077f800000,0x000000077f800000,0x00000007aa080000)
  from space 181760K, 36% used [0x00000007b4d80000,0x00000007b8ea76c8,0x00000007bff00000)
  to   space 177152K, 0% used [0x00000007aa080000,0x00000007aa080000,0x00000007b4d80000)
 ParOldGen       total 716800K, used 364483K [0x00000006fe800000, 0x000000072a400000, 0x000000077f800000)
  object space 716800K, 50% used [0x00000006fe800000,0x0000000714bf0e30,0x000000072a400000)
 Metaspace       used 125046K, capacity 133190K, committed 158256K, reserved 1187840K
  class space    used 15388K, capacity 16912K, committed 20528K, reserved 1048576K
}
Event: 8795,960 GC heap before
{Heap before GC invocations=193 (full 14):
 PSYoungGen      total 878592K, used 763549K [0x000000077f800000, 0x00000007bff00000, 0x00000007c0000000)
  eden space 696832K, 100% used [0x000000077f800000,0x00000007aa080000,0x00000007aa080000)
  from space 181760K, 36% used [0x00000007b4d80000,0x00000007b8ea76c8,0x00000007bff00000)
  to   space 177152K, 0% used [0x00000007aa080000,0x00000007aa080000,0x00000007b4d80000)
 ParOldGen       total 716800K, used 364483K [0x00000006fe800000, 0x000000072a400000, 0x000000077f800000)
  object space 716800K, 50% used [0x00000006fe800000,0x0000000714bf0e30,0x000000072a400000)
 Metaspace       used 125046K, capacity 133190K, committed 158256K, reserved 1187840K
  class space    used 15388K, capacity 16912K, committed 20528K, reserved 1048576K
Event: 8796,573 GC heap after
Heap after GC invocations=193 (full 14):
 PSYoungGen      total 873984K, used 177146K [0x000000077f800000, 0x00000007c0000000, 0x00000007c0000000)
  eden space 696832K, 0% used [0x000000077f800000,0x000000077f800000,0x00000007aa080000)
  from space 177152K, 99% used [0x00000007aa080000,0x00000007b4d7e820,0x00000007b4d80000)
  to   space 182784K, 0% used [0x00000007b4d80000,0x00000007b4d80000,0x00000007c0000000)
 ParOldGen       total 716800K, used 430681K [0x00000006fe800000, 0x000000072a400000, 0x000000077f800000)
  object space 716800K, 60% used [0x00000006fe800000,0x0000000718c964e0,0x000000072a400000)
 Metaspace       used 125046K, capacity 133190K, committed 158256K, reserved 1187840K
  class space    used 15388K, capacity 16912K, committed 20528K, reserved 1048576K
}
Event: 8800,736 GC heap before
{Heap before GC invocations=194 (full 14):
 PSYoungGen      total 873984K, used 873978K [0x000000077f800000, 0x00000007c0000000, 0x00000007c0000000)
  eden space 696832K, 100% used [0x000000077f800000,0x00000007aa080000,0x00000007aa080000)
  from space 177152K, 99% used [0x00000007aa080000,0x00000007b4d7e820,0x00000007b4d80000)
  to   space 182784K, 0% used [0x00000007b4d80000,0x00000007b4d80000,0x00000007c0000000)
 ParOldGen       total 716800K, used 430681K [0x00000006fe800000, 0x000000072a400000, 0x000000077f800000)
  object space 716800K, 60% used [0x00000006fe800000,0x0000000718c964e0,0x000000072a400000)
 Metaspace       used 125050K, capacity 133190K, committed 158256K, reserved 1187840K
  class space    used 15388K, capacity 16912K, committed 20528K, reserved 1048576K
Event: 8801,538 GC heap after
Heap after GC invocations=194 (full 14):
 PSYoungGen      total 743936K, used 142351K [0x000000077f800000, 0x00000007c0000000, 0x00000007c0000000)
  eden space 561152K, 0% used [0x000000077f800000,0x000000077f800000,0x00000007a1c00000)
  from space 182784K, 77% used [0x00000007b4d80000,0x00000007bd883eb8,0x00000007c0000000)
  to   space 247808K, 0% used [0x00000007a1c00000,0x00000007a1c00000,0x00000007b0e00000)
 ParOldGen       total 716800K, used 554572K [0x00000006fe800000, 0x000000072a400000, 0x000000077f800000)
  object space 716800K, 77% used [0x00000006fe800000,0x00000007205931e8,0x000000072a400000)
 Metaspace       used 125050K, capacity 133190K, committed 158256K, reserved 1187840K
  class space    used 15388K, capacity 16912K, committed 20528K, reserved 1048576K
}
Event: 8802,348 GC heap before
{Heap before GC invocations=195 (full 14):
 PSYoungGen      total 743936K, used 703503K [0x000000077f800000, 0x00000007c0000000, 0x00000007c0000000)
  eden space 561152K, 100% used [0x000000077f800000,0x00000007a1c00000,0x00000007a1c00000)
  from space 182784K, 77% used [0x00000007b4d80000,0x00000007bd883eb8,0x00000007c0000000)
  to   space 247808K, 0% used [0x00000007a1c00000,0x00000007a1c00000,0x00000007b0e00000)
 ParOldGen       total 716800K, used 554572K [0x00000006fe800000, 0x000000072a400000, 0x000000077f800000)
  object space 716800K, 77% used [0x00000006fe800000,0x00000007205931e8,0x000000072a400000)
 Metaspace       used 125050K, capacity 133190K, committed 158256K, reserved 1187840K
  class space    used 15388K, capacity 16912K, committed 20528K, reserved 1048576K
Event: 8803,004 GC heap after
Heap after GC invocations=195 (full 14):
 PSYoungGen      total 808960K, used 128K [0x000000077f800000, 0x00000007c0000000, 0x00000007c0000000)
  eden space 561152K, 0% used [0x000000077f800000,0x000000077f800000,0x00000007a1c00000)
  from space 247808K, 0% used [0x00000007a1c00000,0x00000007a1c20000,0x00000007b0e00000)
  to   space 243200K, 0% used [0x00000007b1280000,0x00000007b1280000,0x00000007c0000000)
 ParOldGen       total 716800K, used 684320K [0x00000006fe800000, 0x000000072a400000, 0x000000077f800000)
  object space 716800K, 95% used [0x00000006fe800000,0x00000007284482f0,0x000000072a400000)
 Metaspace       used 125050K, capacity 133190K, committed 158256K, reserved 1187840K
  class space    used 15388K, capacity 16912K, committed 20528K, reserved 1048576K
}
Event: 8803,022 GC heap before
{Heap before GC invocations=196 (full 15):
 PSYoungGen      total 808960K, used 128K [0x000000077f800000, 0x00000007c0000000, 0x00000007c0000000)
  eden space 561152K, 0% used [0x000000077f800000,0x000000077f800000,0x00000007a1c00000)
  from space 247808K, 0% used [0x00000007a1c00000,0x00000007a1c20000,0x00000007b0e00000)
  to   space 243200K, 0% used [0x00000007b1280000,0x00000007b1280000,0x00000007c0000000)
 ParOldGen       total 716800K, used 684320K [0x00000006fe800000, 0x000000072a400000, 0x000000077f800000)
  object space 716800K, 95% used [0x00000006fe800000,0x00000007284482f0,0x000000072a400000)
 Metaspace       used 125050K, capacity 133190K, committed 158256K, reserved 1187840K
  class space    used 15388K, capacity 16912K, committed 20528K, reserved 1048576K

