# JRE version: OpenJDK Runtime Environment (8.0_152) (build 1.8.0_152-release-1343-b16-5323222)
# Java VM: OpenJDK 64-Bit Server VM (25.152-b16-5323222 mixed mode linux-amd64 compressed oops)
Heap:
 PSYoungGen      total 729088K, used 0K [0x000000077f800000, 0x00000007c0000000, 0x00000007c0000000)
  eden space 562176K, 0% used [0x000000077f800000,0x000000077f800000,0x00000007a1d00000)
  from space 166912K, 0% used [0x00000007b5d00000,0x00000007b5d00000,0x00000007c0000000)
  to   space 247296K, 0% used [0x00000007a1d00000,0x00000007a1d00000,0x00000007b0e80000)
 ParOldGen       total 608768K, used 436799K [0x00000006fe800000, 0x0000000723a80000, 0x000000077f800000)
  object space 608768K, 71% used [0x00000006fe800000,0x000000071928fc78,0x0000000723a80000)
 Metaspace       used 97724K, capacity 101970K, committed 102192K, reserved 1138688K
  class space    used 12772K, capacity 13787K, committed 13872K, reserved 1048576K
GC Heap History (10 events):
Event: 170,134 GC heap after
Heap after GC invocations=33 (full 6):
 PSYoungGen      total 767488K, used 32K [0x000000077f800000, 0x00000007b9e00000, 0x00000007c0000000)
  eden space 592896K, 0% used [0x000000077f800000,0x000000077f800000,0x00000007a3b00000)
  from space 174592K, 0% used [0x00000007ae600000,0x00000007ae608000,0x00000007b9080000)
  to   space 175104K, 0% used [0x00000007a3b00000,0x00000007a3b00000,0x00000007ae600000)
 ParOldGen       total 608768K, used 410193K [0x00000006fe800000, 0x0000000723a80000, 0x000000077f800000)
  object space 608768K, 67% used [0x00000006fe800000,0x0000000717894778,0x0000000723a80000)
 Metaspace       used 96772K, capacity 100980K, committed 101296K, reserved 1136640K
  class space    used 12644K, capacity 13630K, committed 13744K, reserved 1048576K
}
Event: 171,089 GC heap before
{Heap before GC invocations=34 (full 6):
 PSYoungGen      total 767488K, used 592928K [0x000000077f800000, 0x00000007b9e00000, 0x00000007c0000000)
  eden space 592896K, 100% used [0x000000077f800000,0x00000007a3b00000,0x00000007a3b00000)
  from space 174592K, 0% used [0x00000007ae600000,0x00000007ae608000,0x00000007b9080000)
  to   space 175104K, 0% used [0x00000007a3b00000,0x00000007a3b00000,0x00000007ae600000)
 ParOldGen       total 608768K, used 410193K [0x00000006fe800000, 0x0000000723a80000, 0x000000077f800000)
  object space 608768K, 67% used [0x00000006fe800000,0x0000000717894778,0x0000000723a80000)
 Metaspace       used 96772K, capacity 100980K, committed 101296K, reserved 1136640K
  class space    used 12644K, capacity 13630K, committed 13744K, reserved 1048576K
Event: 171,099 GC heap after
Heap after GC invocations=34 (full 6):
 PSYoungGen      total 768000K, used 96K [0x000000077f800000, 0x00000007bf580000, 0x00000007c0000000)
  eden space 592896K, 0% used [0x000000077f800000,0x000000077f800000,0x00000007a3b00000)
  from space 175104K, 0% used [0x00000007a3b00000,0x00000007a3b18000,0x00000007ae600000)
  to   space 173568K, 0% used [0x00000007b4c00000,0x00000007b4c00000,0x00000007bf580000)
 ParOldGen       total 608768K, used 410217K [0x00000006fe800000, 0x0000000723a80000, 0x000000077f800000)
  object space 608768K, 67% used [0x00000006fe800000,0x000000071789a778,0x0000000723a80000)
 Metaspace       used 96772K, capacity 100980K, committed 101296K, reserved 1136640K
  class space    used 12644K, capacity 13630K, committed 13744K, reserved 1048576K
}
Event: 171,724 GC heap before
{Heap before GC invocations=35 (full 6):
 PSYoungGen      total 768000K, used 592992K [0x000000077f800000, 0x00000007bf580000, 0x00000007c0000000)
  eden space 592896K, 100% used [0x000000077f800000,0x00000007a3b00000,0x00000007a3b00000)
  from space 175104K, 0% used [0x00000007a3b00000,0x00000007a3b18000,0x00000007ae600000)
  to   space 173568K, 0% used [0x00000007b4c00000,0x00000007b4c00000,0x00000007bf580000)
 ParOldGen       total 608768K, used 410217K [0x00000006fe800000, 0x0000000723a80000, 0x000000077f800000)
  object space 608768K, 67% used [0x00000006fe800000,0x000000071789a778,0x0000000723a80000)
 Metaspace       used 96772K, capacity 100980K, committed 101296K, reserved 1136640K
  class space    used 12644K, capacity 13630K, committed 13744K, reserved 1048576K
Event: 171,732 GC heap after
Heap after GC invocations=35 (full 6):
 PSYoungGen      total 844800K, used 64K [0x000000077f800000, 0x00000007be580000, 0x00000007c0000000)
  eden space 687616K, 0% used [0x000000077f800000,0x000000077f800000,0x00000007a9780000)
  from space 157184K, 0% used [0x00000007b4c00000,0x00000007b4c10000,0x00000007be580000)
  to   space 171008K, 0% used [0x00000007a9780000,0x00000007a9780000,0x00000007b3e80000)
 ParOldGen       total 608768K, used 410233K [0x00000006fe800000, 0x0000000723a80000, 0x000000077f800000)
  object space 608768K, 67% used [0x00000006fe800000,0x000000071789e778,0x0000000723a80000)
 Metaspace       used 96772K, capacity 100980K, committed 101296K, reserved 1136640K
  class space    used 12644K, capacity 13630K, committed 13744K, reserved 1048576K
}
Event: 172,661 GC heap before
{Heap before GC invocations=36 (full 6):
 PSYoungGen      total 844800K, used 687680K [0x000000077f800000, 0x00000007be580000, 0x00000007c0000000)
  eden space 687616K, 100% used [0x000000077f800000,0x00000007a9780000,0x00000007a9780000)
  from space 157184K, 0% used [0x00000007b4c00000,0x00000007b4c10000,0x00000007be580000)
  to   space 171008K, 0% used [0x00000007a9780000,0x00000007a9780000,0x00000007b3e80000)
 ParOldGen       total 608768K, used 410233K [0x00000006fe800000, 0x0000000723a80000, 0x000000077f800000)
  object space 608768K, 67% used [0x00000006fe800000,0x000000071789e778,0x0000000723a80000)
 Metaspace       used 96772K, capacity 100980K, committed 101296K, reserved 1136640K
  class space    used 12644K, capacity 13630K, committed 13744K, reserved 1048576K
Event: 172,682 GC heap after
Heap after GC invocations=36 (full 6):
 PSYoungGen      total 858624K, used 128K [0x000000077f800000, 0x00000007c0000000, 0x00000007c0000000)
  eden space 687616K, 0% used [0x000000077f800000,0x000000077f800000,0x00000007a9780000)
  from space 171008K, 0% used [0x00000007a9780000,0x00000007a97a0000,0x00000007b3e80000)
  to   space 166912K, 0% used [0x00000007b5d00000,0x00000007b5d00000,0x00000007c0000000)
 ParOldGen       total 608768K, used 410257K [0x00000006fe800000, 0x0000000723a80000, 0x000000077f800000)
  object space 608768K, 67% used [0x00000006fe800000,0x00000007178a4778,0x0000000723a80000)
 Metaspace       used 96772K, capacity 100980K, committed 101296K, reserved 1136640K
  class space    used 12644K, capacity 13630K, committed 13744K, reserved 1048576K
}
Event: 178,918 GC heap before
{Heap before GC invocations=37 (full 6):
 PSYoungGen      total 858624K, used 687744K [0x000000077f800000, 0x00000007c0000000, 0x00000007c0000000)
  eden space 687616K, 100% used [0x000000077f800000,0x00000007a9780000,0x00000007a9780000)
  from space 171008K, 0% used [0x00000007a9780000,0x00000007a97a0000,0x00000007b3e80000)
  to   space 166912K, 0% used [0x00000007b5d00000,0x00000007b5d00000,0x00000007c0000000)
 ParOldGen       total 608768K, used 410257K [0x00000006fe800000, 0x0000000723a80000, 0x000000077f800000)
  object space 608768K, 67% used [0x00000006fe800000,0x00000007178a4778,0x0000000723a80000)
 Metaspace       used 97729K, capacity 101984K, committed 102192K, reserved 1138688K
  class space    used 12774K, capacity 13790K, committed 13872K, reserved 1048576K
Event: 183,489 GC heap after
Heap after GC invocations=37 (full 6):
 PSYoungGen      total 729088K, used 166905K [0x000000077f800000, 0x00000007c0000000, 0x00000007c0000000)
  eden space 562176K, 0% used [0x000000077f800000,0x000000077f800000,0x00000007a1d00000)
  from space 166912K, 99% used [0x00000007b5d00000,0x00000007bfffe4e0,0x00000007c0000000)
  to   space 247296K, 0% used [0x00000007a1d00000,0x00000007a1d00000,0x00000007b0e80000)
 ParOldGen       total 608768K, used 537699K [0x00000006fe800000, 0x0000000723a80000, 0x000000077f800000)
  object space 608768K, 88% used [0x00000006fe800000,0x000000071f518e00,0x0000000723a80000)
 Metaspace       used 97729K, capacity 101984K, committed 102192K, reserved 1138688K
  class space    used 12774K, capacity 13790K, committed 13872K, reserved 1048576K
}
Event: 183,506 GC heap before
{Heap before GC invocations=38 (full 7):
 PSYoungGen      total 729088K, used 166905K [0x000000077f800000, 0x00000007c0000000, 0x00000007c0000000)
  eden space 562176K, 0% used [0x000000077f800000,0x000000077f800000,0x00000007a1d00000)
  from space 166912K, 99% used [0x00000007b5d00000,0x00000007bfffe4e0,0x00000007c0000000)
  to   space 247296K, 0% used [0x00000007a1d00000,0x00000007a1d00000,0x00000007b0e80000)
 ParOldGen       total 608768K, used 537699K [0x00000006fe800000, 0x0000000723a80000, 0x000000077f800000)
  object space 608768K, 88% used [0x00000006fe800000,0x000000071f518e00,0x0000000723a80000)
 Metaspace       used 97729K, capacity 101984K, committed 102192K, reserved 1138688K
  class space    used 12774K, capacity 13790K, committed 13872K, reserved 1048576K

