# JRE version: OpenJDK Runtime Environment (8.0_152) (build 1.8.0_152-release-1343-b16-5323222)
# Java VM: OpenJDK 64-Bit Server VM (25.152-b16-5323222 mixed mode linux-amd64 compressed oops)
Heap:
 PSYoungGen      total 543744K, used 76280K [0x000000077f800000, 0x00000007a6100000, 0x00000007c0000000)
  eden space 467456K, 0% used [0x000000077f800000,0x000000077f800000,0x000000079c080000)
  from space 76288K, 99% used [0x000000079c080000,0x00000007a0afe318,0x00000007a0b00000)
  to   space 66048K, 0% used [0x00000007a0b00000,0x00000007a0b00000,0x00000007a4b80000)
 ParOldGen       total 352768K, used 352432K [0x00000006fe800000, 0x0000000714080000, 0x000000077f800000)
  object space 352768K, 99% used [0x00000006fe800000,0x000000071402c380,0x0000000714080000)
 Metaspace       used 92326K, capacity 95661K, committed 96024K, reserved 1132544K
  class space    used 12069K, capacity 12959K, committed 13080K, reserved 1048576K
GC Heap History (10 events):
Event: 98,238 GC heap after
Heap after GC invocations=20 (full 3):
 PSYoungGen      total 406016K, used 33271K [0x000000077f800000, 0x00000007a0300000, 0x00000007c0000000)
  eden space 372736K, 0% used [0x000000077f800000,0x000000077f800000,0x0000000796400000)
  from space 33280K, 99% used [0x0000000796400000,0x000000079847dc18,0x0000000798480000)
  to   space 50176K, 0% used [0x000000079d200000,0x000000079d200000,0x00000007a0300000)
 ParOldGen       total 152064K, used 135939K [0x00000006fe800000, 0x0000000707c80000, 0x000000077f800000)
  object space 152064K, 89% used [0x00000006fe800000,0x0000000706cc0d60,0x0000000707c80000)
 Metaspace       used 85941K, capacity 89139K, committed 89240K, reserved 1126400K
  class space    used 11548K, capacity 12398K, committed 12440K, reserved 1048576K
}
Event: 98,238 GC heap before
{Heap before GC invocations=21 (full 4):
 PSYoungGen      total 406016K, used 33271K [0x000000077f800000, 0x00000007a0300000, 0x00000007c0000000)
  eden space 372736K, 0% used [0x000000077f800000,0x000000077f800000,0x0000000796400000)
  from space 33280K, 99% used [0x0000000796400000,0x000000079847dc18,0x0000000798480000)
  to   space 50176K, 0% used [0x000000079d200000,0x000000079d200000,0x00000007a0300000)
 ParOldGen       total 152064K, used 135939K [0x00000006fe800000, 0x0000000707c80000, 0x000000077f800000)
  object space 152064K, 89% used [0x00000006fe800000,0x0000000706cc0d60,0x0000000707c80000)
 Metaspace       used 85941K, capacity 89139K, committed 89240K, reserved 1126400K
  class space    used 11548K, capacity 12398K, committed 12440K, reserved 1048576K
Event: 103,651 GC heap after
Heap after GC invocations=21 (full 4):
 PSYoungGen      total 406016K, used 5345K [0x000000077f800000, 0x00000007a0300000, 0x00000007c0000000)
  eden space 372736K, 0% used [0x000000077f800000,0x000000077f800000,0x0000000796400000)
  from space 33280K, 16% used [0x0000000796400000,0x00000007969384d8,0x0000000798480000)
  to   space 50176K, 0% used [0x000000079d200000,0x000000079d200000,0x00000007a0300000)
 ParOldGen       total 315392K, used 151941K [0x00000006fe800000, 0x0000000711c00000, 0x000000077f800000)
  object space 315392K, 48% used [0x00000006fe800000,0x0000000707c61490,0x0000000711c00000)
 Metaspace       used 85938K, capacity 89127K, committed 89240K, reserved 1126400K
  class space    used 11547K, capacity 12396K, committed 12440K, reserved 1048576K
}
Event: 130,988 GC heap before
{Heap before GC invocations=22 (full 4):
 PSYoungGen      total 406016K, used 378081K [0x000000077f800000, 0x00000007a0300000, 0x00000007c0000000)
  eden space 372736K, 100% used [0x000000077f800000,0x0000000796400000,0x0000000796400000)
  from space 33280K, 16% used [0x0000000796400000,0x00000007969384d8,0x0000000798480000)
  to   space 50176K, 0% used [0x000000079d200000,0x000000079d200000,0x00000007a0300000)
 ParOldGen       total 315392K, used 151941K [0x00000006fe800000, 0x0000000711c00000, 0x000000077f800000)
  object space 315392K, 48% used [0x00000006fe800000,0x0000000707c61490,0x0000000711c00000)
 Metaspace       used 89041K, capacity 92295K, committed 92568K, reserved 1128448K
  class space    used 11732K, capacity 12620K, committed 12696K, reserved 1048576K
Event: 131,481 GC heap after
Heap after GC invocations=22 (full 4):
 PSYoungGen      total 467456K, used 50167K [0x000000077f800000, 0x00000007a1c00000, 0x00000007c0000000)
  eden space 417280K, 0% used [0x000000077f800000,0x000000077f800000,0x0000000798f80000)
  from space 50176K, 99% used [0x000000079d200000,0x00000007a02fdcc8,0x00000007a0300000)
  to   space 68096K, 0% used [0x0000000798f80000,0x0000000798f80000,0x000000079d200000)
 ParOldGen       total 315392K, used 178938K [0x00000006fe800000, 0x0000000711c00000, 0x000000077f800000)
  object space 315392K, 56% used [0x00000006fe800000,0x00000007096beab0,0x0000000711c00000)
 Metaspace       used 89041K, capacity 92295K, committed 92568K, reserved 1128448K
  class space    used 11732K, capacity 12620K, committed 12696K, reserved 1048576K
}
Event: 148,601 GC heap before
{Heap before GC invocations=23 (full 4):
 PSYoungGen      total 467456K, used 467447K [0x000000077f800000, 0x00000007a1c00000, 0x00000007c0000000)
  eden space 417280K, 100% used [0x000000077f800000,0x0000000798f80000,0x0000000798f80000)
  from space 50176K, 99% used [0x000000079d200000,0x00000007a02fdcc8,0x00000007a0300000)
  to   space 68096K, 0% used [0x0000000798f80000,0x0000000798f80000,0x000000079d200000)
 ParOldGen       total 315392K, used 178938K [0x00000006fe800000, 0x0000000711c00000, 0x000000077f800000)
  object space 315392K, 56% used [0x00000006fe800000,0x00000007096beab0,0x0000000711c00000)
 Metaspace       used 89403K, capacity 92615K, committed 92824K, reserved 1130496K
  class space    used 11737K, capacity 12620K, committed 12696K, reserved 1048576K
Event: 149,145 GC heap after
Heap after GC invocations=23 (full 4):
 PSYoungGen      total 485376K, used 14155K [0x000000077f800000, 0x00000007a4b80000, 0x00000007c0000000)
  eden space 417280K, 0% used [0x000000077f800000,0x000000077f800000,0x0000000798f80000)
  from space 68096K, 20% used [0x0000000798f80000,0x0000000799d52e50,0x000000079d200000)
  to   space 66048K, 0% used [0x00000007a0b00000,0x00000007a0b00000,0x00000007a4b80000)
 ParOldGen       total 315392K, used 210828K [0x00000006fe800000, 0x0000000711c00000, 0x000000077f800000)
  object space 315392K, 66% used [0x00000006fe800000,0x000000070b5e33e0,0x0000000711c00000)
 Metaspace       used 89403K, capacity 92615K, committed 92824K, reserved 1130496K
  class space    used 11737K, capacity 12620K, committed 12696K, reserved 1048576K
}
Event: 165,129 GC heap before
{Heap before GC invocations=24 (full 4):
 PSYoungGen      total 485376K, used 431435K [0x000000077f800000, 0x00000007a4b80000, 0x00000007c0000000)
  eden space 417280K, 100% used [0x000000077f800000,0x0000000798f80000,0x0000000798f80000)
  from space 68096K, 20% used [0x0000000798f80000,0x0000000799d52e50,0x000000079d200000)
  to   space 66048K, 0% used [0x00000007a0b00000,0x00000007a0b00000,0x00000007a4b80000)
 ParOldGen       total 315392K, used 210828K [0x00000006fe800000, 0x0000000711c00000, 0x000000077f800000)
  object space 315392K, 66% used [0x00000006fe800000,0x000000070b5e33e0,0x0000000711c00000)
 Metaspace       used 91487K, capacity 94803K, committed 95128K, reserved 1132544K
  class space    used 12003K, capacity 12876K, committed 12952K, reserved 1048576K
Event: 165,653 GC heap after
Heap after GC invocations=24 (full 4):
 PSYoungGen      total 533504K, used 64399K [0x000000077f800000, 0x00000007a6100000, 0x00000007c0000000)
  eden space 467456K, 0% used [0x000000077f800000,0x000000077f800000,0x000000079c080000)
  from space 66048K, 97% used [0x00000007a0b00000,0x00000007a49e3c30,0x00000007a4b80000)
  to   space 76288K, 0% used [0x000000079c080000,0x000000079c080000,0x00000007a0b00000)
 ParOldGen       total 315392K, used 210836K [0x00000006fe800000, 0x0000000711c00000, 0x000000077f800000)
  object space 315392K, 66% used [0x00000006fe800000,0x000000070b5e53e0,0x0000000711c00000)
 Metaspace       used 91487K, capacity 94803K, committed 95128K, reserved 1132544K
  class space    used 12003K, capacity 12876K, committed 12952K, reserved 1048576K
}
Event: 196,355 GC heap before
{Heap before GC invocations=25 (full 4):
 PSYoungGen      total 533504K, used 531855K [0x000000077f800000, 0x00000007a6100000, 0x00000007c0000000)
  eden space 467456K, 100% used [0x000000077f800000,0x000000079c080000,0x000000079c080000)
  from space 66048K, 97% used [0x00000007a0b00000,0x00000007a49e3c30,0x00000007a4b80000)
  to   space 76288K, 0% used [0x000000079c080000,0x000000079c080000,0x00000007a0b00000)
 ParOldGen       total 315392K, used 210836K [0x00000006fe800000, 0x0000000711c00000, 0x000000077f800000)
  object space 315392K, 66% used [0x00000006fe800000,0x000000070b5e53e0,0x0000000711c00000)
 Metaspace       used 92326K, capacity 95661K, committed 96024K, reserved 1132544K
  class space    used 12069K, capacity 12959K, committed 13080K, reserved 1048576K

